<html>
<head>
<title>TestNG:  Test</title>
<link href="../testng.css" rel="stylesheet" type="text/css" />
<link href="../my-testng.css" rel="stylesheet" type="text/css" />

<style type="text/css">
.log { display: none;} 
.stack-trace { display: none;} 
</style>
<script type="text/javascript">
<!--
function flip(e) {
  current = e.style.display;
  if (current == 'block') {
    e.style.display = 'none';
    return 0;
  }
  else {
    e.style.display = 'block';
    return 1;
  }
}

function toggleBox(szDivId, elem, msg1, msg2)
{
  var res = -1;  if (document.getElementById) {
    res = flip(document.getElementById(szDivId));
  }
  else if (document.all) {
    // this is the way old msie versions work
    res = flip(document.all[szDivId]);
  }
  if(elem) {
    if(res == 0) elem.innerHTML = msg1; else elem.innerHTML = msg2;
  }

}

function toggleAllBoxes() {
  if (document.getElementsByTagName) {
    d = document.getElementsByTagName('div');
    for (i = 0; i < d.length; i++) {
      if (d[i].className == 'log') {
        flip(d[i]);
      }
    }
  }
}

// -->
</script>

</head>
<body>
<h2 align='center'>Test</h2><table border='1' align="center">
<tr>
<td>Tests passed/Failed/Skipped:</td><td>5/0/9</td>
</tr><tr>
<td>Started on:</td><td>Fri Feb 09 01:39:06 EST 2018</td>
</tr>
<tr><td>Total time:</td><td>25 seconds (25534 ms)</td>
</tr><tr>
<td>Included groups:</td><td></td>
</tr><tr>
<td>Excluded groups:</td><td></td>
</tr>
</table><p/>
<small><i>(Hover the method name to see the test class name)</i></small><p/>
<table width='100%' border='1' class='invocation-passed'>
<tr><td colspan='4' align='center'><b>PASSED TESTS</b></td></tr>
<tr><td><b>Test method</b></td>
<td width="30%"><b>Exception</b></td>
<td width="10%"><b>Time (seconds)</b></td>
<td><b>Instance</b></td>
</tr>
<tr>
<td title='com.test.automation.UIAutomation.tests.NewRequirementTest.SelectHeader()'><b>SelectHeader</b><br>Test class: com.test.automation.UIAutomation.tests.NewRequirementTest</td>
<td></td>
<td>0</td>
<td>com.test.automation.UIAutomation.tests.NewRequirementTest@3bd40a57</td></tr>
<tr>
<td title='com.test.automation.UIAutomation.tests.NewRequirementTest.fillOtheLocation()'><b>fillOtheLocation</b><br>Test class: com.test.automation.UIAutomation.tests.NewRequirementTest</td>
<td></td>
<td>5</td>
<td>com.test.automation.UIAutomation.tests.NewRequirementTest@3bd40a57</td></tr>
<tr>
<td title='com.test.automation.UIAutomation.tests.NewRequirementTest.fillRequirement()'><b>fillRequirement</b><br>Test class: com.test.automation.UIAutomation.tests.NewRequirementTest<br>Parameters: Test-001, RIPL-India_QA1, Soft Services Coordinator, Full Time, Authorized to work in us, Open, 10, false, 01/03/2017, 01/03/2017, 01/03/2017, 1, 1, Rangam1, 12345, 08:00AM, 05:30PM, 9, 01/03/2017, 01/03/2017, Tracey J Andrus, Vishal Trivedi, Debra Guidorini, true, Health Care, Abbott Laboratories, 10, 10, Monthly, Chantal Truong, Software Tester,QA Engineer,QA Automation,Automation Testing,Performance Testing, Software Tester, QA Engineer, QA Automation, Automation Testing, subject1, y</td>
<td></td>
<td>0</td>
<td>com.test.automation.UIAutomation.tests.NewRequirementTest@3bd40a57</td></tr>
<tr>
<td title='com.test.automation.UIAutomation.tests.NewRequirementTest.login()'><b>login</b><br>Test class: com.test.automation.UIAutomation.tests.NewRequirementTest<br>Parameters: shaileshdesai@Rangam.com, rangam@123, y</td>
<td></td>
<td>5</td>
<td>com.test.automation.UIAutomation.tests.NewRequirementTest@3bd40a57</td></tr>
<tr>
<td title='com.test.automation.UIAutomation.tests.NewRequirementTest.logout()'><b>logout</b><br>Test class: com.test.automation.UIAutomation.tests.NewRequirementTest</td>
<td></td>
<td>0</td>
<td>com.test.automation.UIAutomation.tests.NewRequirementTest@3bd40a57</td></tr>
</table><p>
<table width='100%' border='1' class='invocation-skipped'>
<tr><td colspan='4' align='center'><b>SKIPPED TESTS</b></td></tr>
<tr><td><b>Test method</b></td>
<td width="30%"><b>Exception</b></td>
<td width="10%"><b>Time (seconds)</b></td>
<td><b>Instance</b></td>
</tr>
<tr>
<td title='com.test.automation.UIAutomation.tests.NewRequirementTest.fillRequirement()'><b>fillRequirement</b><br>Test class: com.test.automation.UIAutomation.tests.NewRequirementTest<br>Parameters: Test-002, RIPL-India_QA2, QA2, Contract, Authorized to work in us, On Hold, 20, false, 01/03/2017, 01/03/2017, 01/03/2017, 2, 2, Rangam2, 12345, 08:00AM, 05:30PM, 9, 01/03/2017, 01/03/2017, Tracey J Andrus, Vishal Trivedi, Debra Guidorini, true, Clinical/Scientific, Bank Of America, 10, 10, Monthly, Juhi Maheshwari, Software Tester,QA Engineer,QA Automation,Automation Testing,Performance Testing, Software Tester, QA Engineer, QA Automation, Automation Testing, subject2, n</td>
<td><div><pre>org.testng.SkipException: Skipping this exception
	at com.test.automation.UIAutomation.tests.NewRequirementTest.fillRequirement(NewRequirementTest.java:97)
... Removed 26 stack frames</pre></div><a href='#' onClick='toggleBox("stack-trace1405055124", this, "Click to show all stack frames", "Click to hide stack frames")'>Click to show all stack frames</a>
<div class='stack-trace' id='stack-trace1405055124'><pre>org.testng.SkipException: Skipping this exception
	at com.test.automation.UIAutomation.tests.NewRequirementTest.fillRequirement(NewRequirementTest.java:97)
	at sun.reflect.NativeMethodAccessorImpl.invoke0(Native Method)
	at sun.reflect.NativeMethodAccessorImpl.invoke(NativeMethodAccessorImpl.java:62)
	at sun.reflect.DelegatingMethodAccessorImpl.invoke(DelegatingMethodAccessorImpl.java:43)
	at java.lang.reflect.Method.invoke(Method.java:498)
	at org.testng.internal.MethodInvocationHelper.invokeMethod(MethodInvocationHelper.java:104)
	at org.testng.internal.Invoker.invokeMethod(Invoker.java:645)
	at org.testng.internal.Invoker.invokeTestMethod(Invoker.java:851)
	at org.testng.internal.Invoker.invokeTestMethods(Invoker.java:1177)
	at org.testng.internal.TestMethodWorker.invokeTestMethods(TestMethodWorker.java:129)
	at org.testng.internal.TestMethodWorker.run(TestMethodWorker.java:112)
	at org.testng.TestRunner.privateRun(TestRunner.java:756)
	at org.testng.TestRunner.run(TestRunner.java:610)
	at org.testng.SuiteRunner.runTest(SuiteRunner.java:387)
	at org.testng.SuiteRunner.runSequentially(SuiteRunner.java:382)
	at org.testng.SuiteRunner.privateRun(SuiteRunner.java:340)
	at org.testng.SuiteRunner.run(SuiteRunner.java:289)
	at org.testng.SuiteRunnerWorker.runSuite(SuiteRunnerWorker.java:52)
	at org.testng.SuiteRunnerWorker.run(SuiteRunnerWorker.java:86)
	at org.testng.TestNG.runSuitesSequentially(TestNG.java:1293)
	at org.testng.TestNG.runSuitesSequentially(TestNG.java:1289)
	at org.testng.TestNG.runSuitesLocally(TestNG.java:1218)
	at org.testng.TestNG.runSuites(TestNG.java:1133)
	at org.testng.TestNG.run(TestNG.java:1104)
	at org.testng.remote.AbstractRemoteTestNG.run(AbstractRemoteTestNG.java:126)
	at org.testng.remote.RemoteTestNG.initAndRun(RemoteTestNG.java:152)
	at org.testng.remote.RemoteTestNG.main(RemoteTestNG.java:57)
</pre></div></td>
<td>0</td>
<td>com.test.automation.UIAutomation.tests.NewRequirementTest@3bd40a57</td></tr>
<tr>
<td title='com.test.automation.UIAutomation.tests.NewRequirementTest.fillRequirement()'><b>fillRequirement</b><br>Test class: com.test.automation.UIAutomation.tests.NewRequirementTest<br>Parameters: Test-003, RIPL-India_QA3, QA3, Full Time, Authorized to work in us, Closed, 30, false, 01/03/2017, 01/03/2017, 01/03/2017, 3, 3, Rangam3, 12345, 08:00AM, 05:30PM, 9, 01/03/2017, 01/03/2017, Tracey J Andrus, Vishal Trivedi, Debra Guidorini, true, Health Care, Bank Of America, 10, 10, Monthly, Juhi Maheshwari, Software Tester,QA Engineer,QA Automation,Automation Testing,Performance Testing, Software Tester, QA Engineer, QA Automation, Automation Testing, subject3, n</td>
<td><div><pre>org.testng.SkipException: Skipping this exception
	at com.test.automation.UIAutomation.tests.NewRequirementTest.fillRequirement(NewRequirementTest.java:97)
... Removed 26 stack frames</pre></div><a href='#' onClick='toggleBox("stack-trace795590320", this, "Click to show all stack frames", "Click to hide stack frames")'>Click to show all stack frames</a>
<div class='stack-trace' id='stack-trace795590320'><pre>org.testng.SkipException: Skipping this exception
	at com.test.automation.UIAutomation.tests.NewRequirementTest.fillRequirement(NewRequirementTest.java:97)
	at sun.reflect.NativeMethodAccessorImpl.invoke0(Native Method)
	at sun.reflect.NativeMethodAccessorImpl.invoke(NativeMethodAccessorImpl.java:62)
	at sun.reflect.DelegatingMethodAccessorImpl.invoke(DelegatingMethodAccessorImpl.java:43)
	at java.lang.reflect.Method.invoke(Method.java:498)
	at org.testng.internal.MethodInvocationHelper.invokeMethod(MethodInvocationHelper.java:104)
	at org.testng.internal.Invoker.invokeMethod(Invoker.java:645)
	at org.testng.internal.Invoker.invokeTestMethod(Invoker.java:851)
	at org.testng.internal.Invoker.invokeTestMethods(Invoker.java:1177)
	at org.testng.internal.TestMethodWorker.invokeTestMethods(TestMethodWorker.java:129)
	at org.testng.internal.TestMethodWorker.run(TestMethodWorker.java:112)
	at org.testng.TestRunner.privateRun(TestRunner.java:756)
	at org.testng.TestRunner.run(TestRunner.java:610)
	at org.testng.SuiteRunner.runTest(SuiteRunner.java:387)
	at org.testng.SuiteRunner.runSequentially(SuiteRunner.java:382)
	at org.testng.SuiteRunner.privateRun(SuiteRunner.java:340)
	at org.testng.SuiteRunner.run(SuiteRunner.java:289)
	at org.testng.SuiteRunnerWorker.runSuite(SuiteRunnerWorker.java:52)
	at org.testng.SuiteRunnerWorker.run(SuiteRunnerWorker.java:86)
	at org.testng.TestNG.runSuitesSequentially(TestNG.java:1293)
	at org.testng.TestNG.runSuitesSequentially(TestNG.java:1289)
	at org.testng.TestNG.runSuitesLocally(TestNG.java:1218)
	at org.testng.TestNG.runSuites(TestNG.java:1133)
	at org.testng.TestNG.run(TestNG.java:1104)
	at org.testng.remote.AbstractRemoteTestNG.run(AbstractRemoteTestNG.java:126)
	at org.testng.remote.RemoteTestNG.initAndRun(RemoteTestNG.java:152)
	at org.testng.remote.RemoteTestNG.main(RemoteTestNG.java:57)
</pre></div></td>
<td>0</td>
<td>com.test.automation.UIAutomation.tests.NewRequirementTest@3bd40a57</td></tr>
<tr>
<td title='com.test.automation.UIAutomation.tests.NewRequirementTest.fillRequirement()'><b>fillRequirement</b><br>Test class: com.test.automation.UIAutomation.tests.NewRequirementTest<br>Parameters: Test-004, RIPL-India_QA4, QA4, Contract, Authorized to work in us, Filled, 40, false, 01/03/2017, 01/03/2017, 01/03/2017, 4, 4, Rangam4, 12345, 08:00AM, 05:30PM, 9, 01/03/2017, 01/03/2017, Tracey J Andrus, Vishal Trivedi, Debra Guidorini, true, IT, Bank Of America, 10, 10, Monthly, Juhi Maheshwari, Software Tester,QA Engineer,QA Automation,Automation Testing,Performance Testing, Software Tester, QA Engineer, QA Automation, Automation Testing, subject4, n</td>
<td><div><pre>org.testng.SkipException: Skipping this exception
	at com.test.automation.UIAutomation.tests.NewRequirementTest.fillRequirement(NewRequirementTest.java:97)
... Removed 26 stack frames</pre></div><a href='#' onClick='toggleBox("stack-trace216746962", this, "Click to show all stack frames", "Click to hide stack frames")'>Click to show all stack frames</a>
<div class='stack-trace' id='stack-trace216746962'><pre>org.testng.SkipException: Skipping this exception
	at com.test.automation.UIAutomation.tests.NewRequirementTest.fillRequirement(NewRequirementTest.java:97)
	at sun.reflect.NativeMethodAccessorImpl.invoke0(Native Method)
	at sun.reflect.NativeMethodAccessorImpl.invoke(NativeMethodAccessorImpl.java:62)
	at sun.reflect.DelegatingMethodAccessorImpl.invoke(DelegatingMethodAccessorImpl.java:43)
	at java.lang.reflect.Method.invoke(Method.java:498)
	at org.testng.internal.MethodInvocationHelper.invokeMethod(MethodInvocationHelper.java:104)
	at org.testng.internal.Invoker.invokeMethod(Invoker.java:645)
	at org.testng.internal.Invoker.invokeTestMethod(Invoker.java:851)
	at org.testng.internal.Invoker.invokeTestMethods(Invoker.java:1177)
	at org.testng.internal.TestMethodWorker.invokeTestMethods(TestMethodWorker.java:129)
	at org.testng.internal.TestMethodWorker.run(TestMethodWorker.java:112)
	at org.testng.TestRunner.privateRun(TestRunner.java:756)
	at org.testng.TestRunner.run(TestRunner.java:610)
	at org.testng.SuiteRunner.runTest(SuiteRunner.java:387)
	at org.testng.SuiteRunner.runSequentially(SuiteRunner.java:382)
	at org.testng.SuiteRunner.privateRun(SuiteRunner.java:340)
	at org.testng.SuiteRunner.run(SuiteRunner.java:289)
	at org.testng.SuiteRunnerWorker.runSuite(SuiteRunnerWorker.java:52)
	at org.testng.SuiteRunnerWorker.run(SuiteRunnerWorker.java:86)
	at org.testng.TestNG.runSuitesSequentially(TestNG.java:1293)
	at org.testng.TestNG.runSuitesSequentially(TestNG.java:1289)
	at org.testng.TestNG.runSuitesLocally(TestNG.java:1218)
	at org.testng.TestNG.runSuites(TestNG.java:1133)
	at org.testng.TestNG.run(TestNG.java:1104)
	at org.testng.remote.AbstractRemoteTestNG.run(AbstractRemoteTestNG.java:126)
	at org.testng.remote.RemoteTestNG.initAndRun(RemoteTestNG.java:152)
	at org.testng.remote.RemoteTestNG.main(RemoteTestNG.java:57)
</pre></div></td>
<td>0</td>
<td>com.test.automation.UIAutomation.tests.NewRequirementTest@3bd40a57</td></tr>
<tr>
<td title='com.test.automation.UIAutomation.tests.NewRequirementTest.fillRequirement()'><b>fillRequirement</b><br>Test class: com.test.automation.UIAutomation.tests.NewRequirementTest<br>Parameters: Test-005, RIPL-India_QA5, QA5, Full Time, Authorized to work in us, Cancelled, 50, false, 01/03/2017, 01/03/2017, 01/03/2017, 5, 5, Rangam5, 12345, 08:00AM, 05:30PM, 9, 01/03/2017, 01/03/2017, Tracey J Andrus, Vishal Trivedi, Debra Guidorini, true, Labor, Bank Of America, 10, 10, Monthly, Juhi Maheshwari, Software Tester,QA Engineer,QA Automation,Automation Testing,Performance Testing, Software Tester, QA Engineer, QA Automation, Automation Testing, subject5, n</td>
<td><div><pre>org.testng.SkipException: Skipping this exception
	at com.test.automation.UIAutomation.tests.NewRequirementTest.fillRequirement(NewRequirementTest.java:97)
... Removed 26 stack frames</pre></div><a href='#' onClick='toggleBox("stack-trace939475028", this, "Click to show all stack frames", "Click to hide stack frames")'>Click to show all stack frames</a>
<div class='stack-trace' id='stack-trace939475028'><pre>org.testng.SkipException: Skipping this exception
	at com.test.automation.UIAutomation.tests.NewRequirementTest.fillRequirement(NewRequirementTest.java:97)
	at sun.reflect.NativeMethodAccessorImpl.invoke0(Native Method)
	at sun.reflect.NativeMethodAccessorImpl.invoke(NativeMethodAccessorImpl.java:62)
	at sun.reflect.DelegatingMethodAccessorImpl.invoke(DelegatingMethodAccessorImpl.java:43)
	at java.lang.reflect.Method.invoke(Method.java:498)
	at org.testng.internal.MethodInvocationHelper.invokeMethod(MethodInvocationHelper.java:104)
	at org.testng.internal.Invoker.invokeMethod(Invoker.java:645)
	at org.testng.internal.Invoker.invokeTestMethod(Invoker.java:851)
	at org.testng.internal.Invoker.invokeTestMethods(Invoker.java:1177)
	at org.testng.internal.TestMethodWorker.invokeTestMethods(TestMethodWorker.java:129)
	at org.testng.internal.TestMethodWorker.run(TestMethodWorker.java:112)
	at org.testng.TestRunner.privateRun(TestRunner.java:756)
	at org.testng.TestRunner.run(TestRunner.java:610)
	at org.testng.SuiteRunner.runTest(SuiteRunner.java:387)
	at org.testng.SuiteRunner.runSequentially(SuiteRunner.java:382)
	at org.testng.SuiteRunner.privateRun(SuiteRunner.java:340)
	at org.testng.SuiteRunner.run(SuiteRunner.java:289)
	at org.testng.SuiteRunnerWorker.runSuite(SuiteRunnerWorker.java:52)
	at org.testng.SuiteRunnerWorker.run(SuiteRunnerWorker.java:86)
	at org.testng.TestNG.runSuitesSequentially(TestNG.java:1293)
	at org.testng.TestNG.runSuitesSequentially(TestNG.java:1289)
	at org.testng.TestNG.runSuitesLocally(TestNG.java:1218)
	at org.testng.TestNG.runSuites(TestNG.java:1133)
	at org.testng.TestNG.run(TestNG.java:1104)
	at org.testng.remote.AbstractRemoteTestNG.run(AbstractRemoteTestNG.java:126)
	at org.testng.remote.RemoteTestNG.initAndRun(RemoteTestNG.java:152)
	at org.testng.remote.RemoteTestNG.main(RemoteTestNG.java:57)
</pre></div></td>
<td>0</td>
<td>com.test.automation.UIAutomation.tests.NewRequirementTest@3bd40a57</td></tr>
<tr>
<td title='com.test.automation.UIAutomation.tests.NewRequirementTest.fillRequirement()'><b>fillRequirement</b><br>Test class: com.test.automation.UIAutomation.tests.NewRequirementTest<br>Parameters: Test-006, RIPL-India_QA6, QA6, Contract, Authorized to work in us, Open/Slot Over, 60, false, 01/03/2017, 01/03/2017, 01/03/2017, 6, 6, Rangam6, 12345, 08:00AM, 05:30PM, 9, 01/03/2017, 01/03/2017, Tracey J Andrus, Vishal Trivedi, Debra Guidorini, true, NON-IT(finance/engr/real estate), Bank Of America, 10, 10, Monthly, Juhi Maheshwari, Software Tester,QA Engineer,QA Automation,Automation Testing,Performance Testing, Software Tester, QA Engineer, QA Automation, Automation Testing, subject6, n</td>
<td><div><pre>org.testng.SkipException: Skipping this exception
	at com.test.automation.UIAutomation.tests.NewRequirementTest.fillRequirement(NewRequirementTest.java:97)
... Removed 26 stack frames</pre></div><a href='#' onClick='toggleBox("stack-trace918899286", this, "Click to show all stack frames", "Click to hide stack frames")'>Click to show all stack frames</a>
<div class='stack-trace' id='stack-trace918899286'><pre>org.testng.SkipException: Skipping this exception
	at com.test.automation.UIAutomation.tests.NewRequirementTest.fillRequirement(NewRequirementTest.java:97)
	at sun.reflect.NativeMethodAccessorImpl.invoke0(Native Method)
	at sun.reflect.NativeMethodAccessorImpl.invoke(NativeMethodAccessorImpl.java:62)
	at sun.reflect.DelegatingMethodAccessorImpl.invoke(DelegatingMethodAccessorImpl.java:43)
	at java.lang.reflect.Method.invoke(Method.java:498)
	at org.testng.internal.MethodInvocationHelper.invokeMethod(MethodInvocationHelper.java:104)
	at org.testng.internal.Invoker.invokeMethod(Invoker.java:645)
	at org.testng.internal.Invoker.invokeTestMethod(Invoker.java:851)
	at org.testng.internal.Invoker.invokeTestMethods(Invoker.java:1177)
	at org.testng.internal.TestMethodWorker.invokeTestMethods(TestMethodWorker.java:129)
	at org.testng.internal.TestMethodWorker.run(TestMethodWorker.java:112)
	at org.testng.TestRunner.privateRun(TestRunner.java:756)
	at org.testng.TestRunner.run(TestRunner.java:610)
	at org.testng.SuiteRunner.runTest(SuiteRunner.java:387)
	at org.testng.SuiteRunner.runSequentially(SuiteRunner.java:382)
	at org.testng.SuiteRunner.privateRun(SuiteRunner.java:340)
	at org.testng.SuiteRunner.run(SuiteRunner.java:289)
	at org.testng.SuiteRunnerWorker.runSuite(SuiteRunnerWorker.java:52)
	at org.testng.SuiteRunnerWorker.run(SuiteRunnerWorker.java:86)
	at org.testng.TestNG.runSuitesSequentially(TestNG.java:1293)
	at org.testng.TestNG.runSuitesSequentially(TestNG.java:1289)
	at org.testng.TestNG.runSuitesLocally(TestNG.java:1218)
	at org.testng.TestNG.runSuites(TestNG.java:1133)
	at org.testng.TestNG.run(TestNG.java:1104)
	at org.testng.remote.AbstractRemoteTestNG.run(AbstractRemoteTestNG.java:126)
	at org.testng.remote.RemoteTestNG.initAndRun(RemoteTestNG.java:152)
	at org.testng.remote.RemoteTestNG.main(RemoteTestNG.java:57)
</pre></div></td>
<td>0</td>
<td>com.test.automation.UIAutomation.tests.NewRequirementTest@3bd40a57</td></tr>
<tr>
<td title='com.test.automation.UIAutomation.tests.NewRequirementTest.fillRequirement()'><b>fillRequirement</b><br>Test class: com.test.automation.UIAutomation.tests.NewRequirementTest<br>Parameters: Test-007, RIPL-India_QA7, QA7, Full Time, Authorized to work in us, Open, 70, false, 01/03/2017, 01/03/2017, 01/03/2017, 7, 7, Rangam7, 12345, 08:00AM, 05:30PM, 9, 01/03/2017, 01/03/2017, Tracey J Andrus, Vishal Trivedi, Debra Guidorini, true, Other, Bank Of America, 10, 10, Monthly, Juhi Maheshwari, Software Tester,QA Engineer,QA Automation,Automation Testing,Performance Testing, Software Tester, QA Engineer, QA Automation, Automation Testing, subject7, n</td>
<td><div><pre>org.testng.SkipException: Skipping this exception
	at com.test.automation.UIAutomation.tests.NewRequirementTest.fillRequirement(NewRequirementTest.java:97)
... Removed 26 stack frames</pre></div><a href='#' onClick='toggleBox("stack-trace1481594007", this, "Click to show all stack frames", "Click to hide stack frames")'>Click to show all stack frames</a>
<div class='stack-trace' id='stack-trace1481594007'><pre>org.testng.SkipException: Skipping this exception
	at com.test.automation.UIAutomation.tests.NewRequirementTest.fillRequirement(NewRequirementTest.java:97)
	at sun.reflect.NativeMethodAccessorImpl.invoke0(Native Method)
	at sun.reflect.NativeMethodAccessorImpl.invoke(NativeMethodAccessorImpl.java:62)
	at sun.reflect.DelegatingMethodAccessorImpl.invoke(DelegatingMethodAccessorImpl.java:43)
	at java.lang.reflect.Method.invoke(Method.java:498)
	at org.testng.internal.MethodInvocationHelper.invokeMethod(MethodInvocationHelper.java:104)
	at org.testng.internal.Invoker.invokeMethod(Invoker.java:645)
	at org.testng.internal.Invoker.invokeTestMethod(Invoker.java:851)
	at org.testng.internal.Invoker.invokeTestMethods(Invoker.java:1177)
	at org.testng.internal.TestMethodWorker.invokeTestMethods(TestMethodWorker.java:129)
	at org.testng.internal.TestMethodWorker.run(TestMethodWorker.java:112)
	at org.testng.TestRunner.privateRun(TestRunner.java:756)
	at org.testng.TestRunner.run(TestRunner.java:610)
	at org.testng.SuiteRunner.runTest(SuiteRunner.java:387)
	at org.testng.SuiteRunner.runSequentially(SuiteRunner.java:382)
	at org.testng.SuiteRunner.privateRun(SuiteRunner.java:340)
	at org.testng.SuiteRunner.run(SuiteRunner.java:289)
	at org.testng.SuiteRunnerWorker.runSuite(SuiteRunnerWorker.java:52)
	at org.testng.SuiteRunnerWorker.run(SuiteRunnerWorker.java:86)
	at org.testng.TestNG.runSuitesSequentially(TestNG.java:1293)
	at org.testng.TestNG.runSuitesSequentially(TestNG.java:1289)
	at org.testng.TestNG.runSuitesLocally(TestNG.java:1218)
	at org.testng.TestNG.runSuites(TestNG.java:1133)
	at org.testng.TestNG.run(TestNG.java:1104)
	at org.testng.remote.AbstractRemoteTestNG.run(AbstractRemoteTestNG.java:126)
	at org.testng.remote.RemoteTestNG.initAndRun(RemoteTestNG.java:152)
	at org.testng.remote.RemoteTestNG.main(RemoteTestNG.java:57)
</pre></div></td>
<td>0</td>
<td>com.test.automation.UIAutomation.tests.NewRequirementTest@3bd40a57</td></tr>
<tr>
<td title='com.test.automation.UIAutomation.tests.NewRequirementTest.fillRequirement()'><b>fillRequirement</b><br>Test class: com.test.automation.UIAutomation.tests.NewRequirementTest<br>Parameters: Test-008, RIPL-India_QA8, QA8, Contract, Authorized to work in us, On Hold, 80, false, 01/03/2017, 01/03/2017, 01/03/2017, 8, 8, Rangam8, 12345, 08:00AM, 05:30PM, 9, 01/03/2017, 01/03/2017, Tracey J Andrus, Vishal Trivedi, Debra Guidorini, true, Retail Sales, Bank Of America, 10, 10, Monthly, Juhi Maheshwari, Software Tester,QA Engineer,QA Automation,Automation Testing,Performance Testing, Software Tester, QA Engineer, QA Automation, Automation Testing, subject8, n</td>
<td><div><pre>org.testng.SkipException: Skipping this exception
	at com.test.automation.UIAutomation.tests.NewRequirementTest.fillRequirement(NewRequirementTest.java:97)
... Removed 26 stack frames</pre></div><a href='#' onClick='toggleBox("stack-trace874153561", this, "Click to show all stack frames", "Click to hide stack frames")'>Click to show all stack frames</a>
<div class='stack-trace' id='stack-trace874153561'><pre>org.testng.SkipException: Skipping this exception
	at com.test.automation.UIAutomation.tests.NewRequirementTest.fillRequirement(NewRequirementTest.java:97)
	at sun.reflect.NativeMethodAccessorImpl.invoke0(Native Method)
	at sun.reflect.NativeMethodAccessorImpl.invoke(NativeMethodAccessorImpl.java:62)
	at sun.reflect.DelegatingMethodAccessorImpl.invoke(DelegatingMethodAccessorImpl.java:43)
	at java.lang.reflect.Method.invoke(Method.java:498)
	at org.testng.internal.MethodInvocationHelper.invokeMethod(MethodInvocationHelper.java:104)
	at org.testng.internal.Invoker.invokeMethod(Invoker.java:645)
	at org.testng.internal.Invoker.invokeTestMethod(Invoker.java:851)
	at org.testng.internal.Invoker.invokeTestMethods(Invoker.java:1177)
	at org.testng.internal.TestMethodWorker.invokeTestMethods(TestMethodWorker.java:129)
	at org.testng.internal.TestMethodWorker.run(TestMethodWorker.java:112)
	at org.testng.TestRunner.privateRun(TestRunner.java:756)
	at org.testng.TestRunner.run(TestRunner.java:610)
	at org.testng.SuiteRunner.runTest(SuiteRunner.java:387)
	at org.testng.SuiteRunner.runSequentially(SuiteRunner.java:382)
	at org.testng.SuiteRunner.privateRun(SuiteRunner.java:340)
	at org.testng.SuiteRunner.run(SuiteRunner.java:289)
	at org.testng.SuiteRunnerWorker.runSuite(SuiteRunnerWorker.java:52)
	at org.testng.SuiteRunnerWorker.run(SuiteRunnerWorker.java:86)
	at org.testng.TestNG.runSuitesSequentially(TestNG.java:1293)
	at org.testng.TestNG.runSuitesSequentially(TestNG.java:1289)
	at org.testng.TestNG.runSuitesLocally(TestNG.java:1218)
	at org.testng.TestNG.runSuites(TestNG.java:1133)
	at org.testng.TestNG.run(TestNG.java:1104)
	at org.testng.remote.AbstractRemoteTestNG.run(AbstractRemoteTestNG.java:126)
	at org.testng.remote.RemoteTestNG.initAndRun(RemoteTestNG.java:152)
	at org.testng.remote.RemoteTestNG.main(RemoteTestNG.java:57)
</pre></div></td>
<td>0</td>
<td>com.test.automation.UIAutomation.tests.NewRequirementTest@3bd40a57</td></tr>
<tr>
<td title='com.test.automation.UIAutomation.tests.NewRequirementTest.fillRequirement()'><b>fillRequirement</b><br>Test class: com.test.automation.UIAutomation.tests.NewRequirementTest<br>Parameters: Test-009, RIPL-India_QA9, QA9, Full Time, Authorized to work in us, Closed, 90, false, 01/03/2017, 01/03/2017, 01/03/2017, 9, 9, Rangam9, 12345, 08:00AM, 05:30PM, 9, 01/03/2017, 01/03/2017, Tracey J Andrus, Vishal Trivedi, Debra Guidorini, true, Admin, Bank Of America, 10, 10, Monthly, Juhi Maheshwari, Software Tester,QA Engineer,QA Automation,Automation Testing,Performance Testing, Software Tester, QA Engineer, QA Automation, Automation Testing, subject9, n</td>
<td><div><pre>org.testng.SkipException: Skipping this exception
	at com.test.automation.UIAutomation.tests.NewRequirementTest.fillRequirement(NewRequirementTest.java:97)
... Removed 26 stack frames</pre></div><a href='#' onClick='toggleBox("stack-trace215632153", this, "Click to show all stack frames", "Click to hide stack frames")'>Click to show all stack frames</a>
<div class='stack-trace' id='stack-trace215632153'><pre>org.testng.SkipException: Skipping this exception
	at com.test.automation.UIAutomation.tests.NewRequirementTest.fillRequirement(NewRequirementTest.java:97)
	at sun.reflect.NativeMethodAccessorImpl.invoke0(Native Method)
	at sun.reflect.NativeMethodAccessorImpl.invoke(NativeMethodAccessorImpl.java:62)
	at sun.reflect.DelegatingMethodAccessorImpl.invoke(DelegatingMethodAccessorImpl.java:43)
	at java.lang.reflect.Method.invoke(Method.java:498)
	at org.testng.internal.MethodInvocationHelper.invokeMethod(MethodInvocationHelper.java:104)
	at org.testng.internal.Invoker.invokeMethod(Invoker.java:645)
	at org.testng.internal.Invoker.invokeTestMethod(Invoker.java:851)
	at org.testng.internal.Invoker.invokeTestMethods(Invoker.java:1177)
	at org.testng.internal.TestMethodWorker.invokeTestMethods(TestMethodWorker.java:129)
	at org.testng.internal.TestMethodWorker.run(TestMethodWorker.java:112)
	at org.testng.TestRunner.privateRun(TestRunner.java:756)
	at org.testng.TestRunner.run(TestRunner.java:610)
	at org.testng.SuiteRunner.runTest(SuiteRunner.java:387)
	at org.testng.SuiteRunner.runSequentially(SuiteRunner.java:382)
	at org.testng.SuiteRunner.privateRun(SuiteRunner.java:340)
	at org.testng.SuiteRunner.run(SuiteRunner.java:289)
	at org.testng.SuiteRunnerWorker.runSuite(SuiteRunnerWorker.java:52)
	at org.testng.SuiteRunnerWorker.run(SuiteRunnerWorker.java:86)
	at org.testng.TestNG.runSuitesSequentially(TestNG.java:1293)
	at org.testng.TestNG.runSuitesSequentially(TestNG.java:1289)
	at org.testng.TestNG.runSuitesLocally(TestNG.java:1218)
	at org.testng.TestNG.runSuites(TestNG.java:1133)
	at org.testng.TestNG.run(TestNG.java:1104)
	at org.testng.remote.AbstractRemoteTestNG.run(AbstractRemoteTestNG.java:126)
	at org.testng.remote.RemoteTestNG.initAndRun(RemoteTestNG.java:152)
	at org.testng.remote.RemoteTestNG.main(RemoteTestNG.java:57)
</pre></div></td>
<td>0</td>
<td>com.test.automation.UIAutomation.tests.NewRequirementTest@3bd40a57</td></tr>
<tr>
<td title='com.test.automation.UIAutomation.tests.NewRequirementTest.fillRequirement()'><b>fillRequirement</b><br>Test class: com.test.automation.UIAutomation.tests.NewRequirementTest<br>Parameters: Test-010, RIPL-India_QA10, QA10, Contract, Authorized to work in us, Filled, 100, false, 01/03/2017, 01/03/2017, 01/03/2017, 10, 10, Rangam10, 12345, 10:00AM, 05:30PM, 9, 01/03/2017, 01/03/2017, Tracey J Andrus, Vishal Trivedi, Debra Guidorini, true, Clinical/Scientific, Bank Of America, 10, 10, Monthly, Juhi Maheshwari, Software Tester,QA Engineer,QA Automation,Automation Testing,Performance Testing, Software Tester, QA Engineer, QA Automation, Automation Testing, subject10, n</td>
<td><div><pre>org.testng.SkipException: Skipping this exception
	at com.test.automation.UIAutomation.tests.NewRequirementTest.fillRequirement(NewRequirementTest.java:97)
... Removed 26 stack frames</pre></div><a href='#' onClick='toggleBox("stack-trace422134367", this, "Click to show all stack frames", "Click to hide stack frames")'>Click to show all stack frames</a>
<div class='stack-trace' id='stack-trace422134367'><pre>org.testng.SkipException: Skipping this exception
	at com.test.automation.UIAutomation.tests.NewRequirementTest.fillRequirement(NewRequirementTest.java:97)
	at sun.reflect.NativeMethodAccessorImpl.invoke0(Native Method)
	at sun.reflect.NativeMethodAccessorImpl.invoke(NativeMethodAccessorImpl.java:62)
	at sun.reflect.DelegatingMethodAccessorImpl.invoke(DelegatingMethodAccessorImpl.java:43)
	at java.lang.reflect.Method.invoke(Method.java:498)
	at org.testng.internal.MethodInvocationHelper.invokeMethod(MethodInvocationHelper.java:104)
	at org.testng.internal.Invoker.invokeMethod(Invoker.java:645)
	at org.testng.internal.Invoker.invokeTestMethod(Invoker.java:851)
	at org.testng.internal.Invoker.invokeTestMethods(Invoker.java:1177)
	at org.testng.internal.TestMethodWorker.invokeTestMethods(TestMethodWorker.java:129)
	at org.testng.internal.TestMethodWorker.run(TestMethodWorker.java:112)
	at org.testng.TestRunner.privateRun(TestRunner.java:756)
	at org.testng.TestRunner.run(TestRunner.java:610)
	at org.testng.SuiteRunner.runTest(SuiteRunner.java:387)
	at org.testng.SuiteRunner.runSequentially(SuiteRunner.java:382)
	at org.testng.SuiteRunner.privateRun(SuiteRunner.java:340)
	at org.testng.SuiteRunner.run(SuiteRunner.java:289)
	at org.testng.SuiteRunnerWorker.runSuite(SuiteRunnerWorker.java:52)
	at org.testng.SuiteRunnerWorker.run(SuiteRunnerWorker.java:86)
	at org.testng.TestNG.runSuitesSequentially(TestNG.java:1293)
	at org.testng.TestNG.runSuitesSequentially(TestNG.java:1289)
	at org.testng.TestNG.runSuitesLocally(TestNG.java:1218)
	at org.testng.TestNG.runSuites(TestNG.java:1133)
	at org.testng.TestNG.run(TestNG.java:1104)
	at org.testng.remote.AbstractRemoteTestNG.run(AbstractRemoteTestNG.java:126)
	at org.testng.remote.RemoteTestNG.initAndRun(RemoteTestNG.java:152)
	at org.testng.remote.RemoteTestNG.main(RemoteTestNG.java:57)
</pre></div></td>
<td>0</td>
<td>com.test.automation.UIAutomation.tests.NewRequirementTest@3bd40a57</td></tr>
</table><p>
</body>
</html>