<?xml version="1.0" encoding="UTF-8"?>
<!-- Generated by org.testng.reporters.JUnitXMLReporter -->
<testsuite hostname="RIPLBRD50" ignored="0" name="Test" tests="4" failures="2" timestamp="09 Feb 2018 06:35:55 GMT" time="9.015" errors="0">
  <testcase name="test1" time="8.717" classname="com.test.automation.UIAutomation.ruffwork.Extent_ReportTest"/>
  <testcase name="test2" time="0.002" classname="com.test.automation.UIAutomation.ruffwork.Extent_ReportTest">
    <failure type="java.lang.AssertionError" message="expected [true] but found [false]">
      <![CDATA[java.lang.AssertionError: expected [true] but found [false]
	at com.test.automation.UIAutomation.ruffwork.Extent_ReportTest.test2(Extent_ReportTest.java:41)
... Removed 31 stack frames]]>
    </failure>
  </testcase> <!-- test2 -->
  <testcase name="test3" time="0.001" classname="com.test.automation.UIAutomation.ruffwork.Extent_ReportTest"/>
  <testcase name="test4" time="0.002" classname="com.test.automation.UIAutomation.ruffwork.Extent_ReportTest">
    <failure type="java.lang.AssertionError" message="expected [true] but found [false]">
      <![CDATA[java.lang.AssertionError: expected [true] but found [false]
	at com.test.automation.UIAutomation.ruffwork.Extent_ReportTest.test4(Extent_ReportTest.java:53)
... Removed 31 stack frames]]>
    </failure>
  </testcase> <!-- test4 -->
</testsuite> <!-- Test -->
